Arguments: 
  /usr/local/Cellar/node/9.10.1/bin/node /Users/eliselkin/.yarn/bin/yarn.js start

PATH: 
  /usr/local/google-cloud-sdk/bin:/Users/eliselkin/.yarn/bin:/usr/local/opt/opencv3/bin:/Users/eliselkin/anaconda/bin:/usr/local/bin:/Applications/MacVim.app/Contents/MacOS:/usr/local/bin:/usr/bin:/bin:/usr/sbin:/sbin:/Library/TeX/texbin:/opt/X11/bin:/usr/local/google-cloud-sdk/bin:/Users/eliselkin/.yarn/bin:/usr/local/opt/opencv3/bin:/Users/eliselkin/anaconda/bin:/Applications/MacVim.app/Contents/MacOS:/Applications/MacVim.app/Contents/MacOS

Yarn version: 
  1.5.1

Node version: 
  9.10.1

Platform: 
  darwin x64

npm manifest: 
  {
    "name": "engage-client",
    "version": "0.1.0",
    "description": "",
    "main": "client/src/app.js",
    "repository": "https://github.com/hackla-engage/engage-client",
    "author": "Hack for LA",
    "license": "MIT",
    "scripts": {
      "serve": "live-server public",
      "build": "webpack --mode production --config webpack.config.prod.js",
      "dev": "webpack-dev-server",
      "postinstall": "npm run build"
    },
    "dependencies": {
      "b": "^2.0.1",
      "babel-cli": "^6.26.0",
      "babel-core": "^6.26.0",
      "babel-loader": "^7.1.2",
      "babel-plugin-add-module-exports": "^0.2.1",
      "babel-plugin-transform-class-properties": "^6.24.1",
      "babel-plugin-transform-object-rest-spread": "^6.26.0",
      "babel-plugin-transform-regenerator": "^6.26.0",
      "babel-polyfill": "^6.26.0",
      "babel-preset-env": "^1.6.0",
      "babel-preset-react": "^6.24.1",
      "copy-webpack-plugin": "^4.5.0",
      "core-js": "^2.5.3",
      "css-loader": "^0.28.7",
      "font-awesome": "^4.7.0",
      "formik": "^0.11.11",
      "live-server": "^1.2.0",
      "lodash": "^4.17.4",
      "node-sass": "^4.5.3",
      "query-string": "^5.0.0",
      "react": "^16.0.0",
      "react-dom": "^16.0.0",
      "react-hot-loader": "^1.3.0",
      "react-redux": "^5.0.6",
      "react-router": "^4.2.0",
      "react-router-dom": "^4.2.2",
      "react-router-redux": "^5.0.0-alpha.8",
      "redux": "^3.7.2",
      "redux-logger": "^3.0.6",
      "redux-thunk": "^2.2.0",
      "sass-loader": "^6.0.6",
      "semantic-ui-react": "^0.77.2",
      "style-loader": "^0.18.2",
      "uglifyjs-webpack-plugin": "^1.0.1",
      "url-loader": "^0.6.2",
      "webpack": "^4.3.0",
      "webpack-bundle-tracker": "0.0.93",
      "webpack-cli": "^2.0.13"
    },
    "devDependencies": {
      "eslint": "^4.8.0",
      "eslint-config-airbnb": "^15.1.0",
      "eslint-plugin-import": "^2.7.0",
      "eslint-plugin-jsx-a11y": "^6.0.2",
      "eslint-plugin-react": "^7.4.0",
      "webpack-dev-server": "^3.1.1"
    }
  }

yarn manifest: 
  No manifest

Lockfile: 
  No lockfile

Trace: 
  Error: Command "start" not found.
      at new MessageError (/Users/eliselkin/.yarn/lib/cli.js:186:110)
      at /Users/eliselkin/.yarn/lib/cli.js:87307:17
      at Generator.next (<anonymous>)
      at step (/Users/eliselkin/.yarn/lib/cli.js:98:30)
      at /Users/eliselkin/.yarn/lib/cli.js:116:14
      at new Promise (<anonymous>)
      at new F (/Users/eliselkin/.yarn/lib/cli.js:23451:28)
      at /Users/eliselkin/.yarn/lib/cli.js:95:12
      at runCommand (/Users/eliselkin/.yarn/lib/cli.js:87312:22)
      at Object.<anonymous> (/Users/eliselkin/.yarn/lib/cli.js:87412:14)
